d:\cpp_git\2dapi\20220302\20220302\x64\debug\20220302.pch
d:\cpp_git\2dapi\20220302\20220302\x64\debug\vc141.pdb
d:\cpp_git\2dapi\20220302\20220302\x64\debug\vc141.idb
d:\cpp_git\2dapi\20220302\20220302\x64\debug\20220302.obj
d:\cpp_git\2dapi\20220302\20220302\x64\debug\core.obj
d:\cpp_git\2dapi\20220302\20220302\x64\debug\keymgr.obj
d:\cpp_git\2dapi\20220302\20220302\x64\debug\object.obj
d:\cpp_git\2dapi\20220302\20220302\x64\debug\timemgr.obj
d:\cpp_git\2dapi\20220302\20220302\x64\debug\scene_start.obj
d:\cpp_git\2dapi\20220302\20220302\x64\debug\scenemgr.obj
d:\cpp_git\2dapi\20220302\20220302\x64\debug\scene.obj
d:\cpp_git\2dapi\20220302\20220302\x64\debug\player.obj
d:\cpp_git\2dapi\20220302\20220302\x64\debug\monster.obj
d:\cpp_git\2dapi\20220302\x64\debug\20220302.exe
d:\cpp_git\2dapi\20220302\x64\debug\20220302.ilk
d:\cpp_git\2dapi\20220302\x64\debug\20220302.pdb
d:\cpp_git\2dapi\20220302\20220302\x64\debug\20220302.res
d:\cpp_git\2dapi\20220302\20220302\x64\debug\20220302.tlog\cl.command.1.tlog
d:\cpp_git\2dapi\20220302\20220302\x64\debug\20220302.tlog\cl.read.1.tlog
d:\cpp_git\2dapi\20220302\20220302\x64\debug\20220302.tlog\cl.write.1.tlog
d:\cpp_git\2dapi\20220302\20220302\x64\debug\20220302.tlog\link.command.1.tlog
d:\cpp_git\2dapi\20220302\20220302\x64\debug\20220302.tlog\link.read.1.tlog
d:\cpp_git\2dapi\20220302\20220302\x64\debug\20220302.tlog\link.write.1.tlog
d:\cpp_git\2dapi\20220302\20220302\x64\debug\20220302.tlog\rc.command.1.tlog
d:\cpp_git\2dapi\20220302\20220302\x64\debug\20220302.tlog\rc.read.1.tlog
d:\cpp_git\2dapi\20220302\20220302\x64\debug\20220302.tlog\rc.write.1.tlog
