C:\Program Files\Microsoft Visual Studio\2022\Community\MSBuild\Microsoft\VC\v170\Microsoft.CppBuild.targets(514,5): warning MSB8028: 중간 디렉터리(x64\Release\)에 다른 프로젝트(20220302.vcxproj)에서 공유하는 파일이 포함되어 있습니다.  이로 인해 잘못된 정리 및 다시 빌드 동작이 수행될 수 있습니다.
  unity_502BQDADWSZMR08E.cpp
  unity_H8KPE0L6C9S77UJ2.cpp
  unity_418YJZQO5J8GUPOI.cpp
  unity_5I426UTG2F9VALTL.cpp
  unity_HT7LTU0YRYLH2JFT.cpp
  unity_5J7ITF5EIQBPAHX2.cpp
  unity_TCBVEJ9B08K7K9MC.cpp
  unity_Q2YJL9GVVBS1NATR.cpp
  unity_UQ1GBALEQDHMK6FE.cpp
  unity_197QBPG2RW9WON25.cpp
  unity_31CBGIIXSCJG8EZ5.cpp
  C:\Program Files (x86)\Windows Kits\10\Include\10.0.17763.0\um\dinput.h: DIRECTINPUT_VERSION undefined. Defaulting to version 0x0800
  C:\Program Files (x86)\Windows Kits\10\Include\10.0.17763.0\um\dinput.h: DIRECTINPUT_VERSION undefined. Defaulting to version 0x0800
  C:\Program Files (x86)\Windows Kits\10\Include\10.0.17763.0\um\dinput.h: DIRECTINPUT_VERSION undefined. Defaulting to version 0x0800
  C:\Program Files (x86)\Windows Kits\10\Include\10.0.17763.0\um\dinput.h: DIRECTINPUT_VERSION undefined. Defaulting to version 0x0800
  C:\Program Files (x86)\Windows Kits\10\Include\10.0.17763.0\um\dinput.h: DIRECTINPUT_VERSION undefined. Defaulting to version 0x0800
  C:\Program Files (x86)\Windows Kits\10\Include\10.0.17763.0\um\dinput.h: DIRECTINPUT_VERSION undefined. Defaulting to version 0x0800
  C:\Program Files (x86)\Windows Kits\10\Include\10.0.17763.0\um\dinput.h: DIRECTINPUT_VERSION undefined. Defaulting to version 0x0800
  C:\Program Files (x86)\Windows Kits\10\Include\10.0.17763.0\um\dinput.h: DIRECTINPUT_VERSION undefined. Defaulting to version 0x0800
  C:\Program Files (x86)\Windows Kits\10\Include\10.0.17763.0\um\dinput.h: DIRECTINPUT_VERSION undefined. Defaulting to version 0x0800
  C:\Program Files (x86)\Windows Kits\10\Include\10.0.17763.0\um\dinput.h: DIRECTINPUT_VERSION undefined. Defaulting to version 0x0800
  C:\Program Files (x86)\Windows Kits\10\Include\10.0.17763.0\um\dinput.h: DIRECTINPUT_VERSION undefined. Defaulting to version 0x0800
E:\IsaacProject\20220302\DeadState.cpp(46,17): warning C4311: '형식 캐스트': 'void *'에서 'int'(으)로 포인터가 잘립니다. (소스 파일 컴파일 중 E:\IsaacProject\20220302\Unity\unity_H8KPE0L6C9S77UJ2.cpp)
E:\IsaacProject\20220302\DeadState.cpp(46,17): warning C4302: '형식 캐스트': 'void *'에서 'int'(으)로 잘립니다. (소스 파일 컴파일 중 E:\IsaacProject\20220302\Unity\unity_H8KPE0L6C9S77UJ2.cpp)
E:\IsaacProject\20220302\DeadState.cpp(48,14): warning C4244: '초기화 중': 'int'에서 'float'(으)로 변환하면서 데이터가 손실될 수 있습니다. (소스 파일 컴파일 중 E:\IsaacProject\20220302\Unity\unity_H8KPE0L6C9S77UJ2.cpp)
E:\IsaacProject\20220302\DeadState.cpp(48,35): warning C4101: 'f' :참조되지 않은 지역 변수입니다. (소스 파일 컴파일 중 E:\IsaacProject\20220302\Unity\unity_H8KPE0L6C9S77UJ2.cpp)
E:\IsaacProject\20220302\DeadState.cpp(83,18): warning C4311: '형식 캐스트': 'void *'에서 'int'(으)로 포인터가 잘립니다. (소스 파일 컴파일 중 E:\IsaacProject\20220302\Unity\unity_H8KPE0L6C9S77UJ2.cpp)
E:\IsaacProject\20220302\DeadState.cpp(83,18): warning C4302: '형식 캐스트': 'void *'에서 'int'(으)로 잘립니다. (소스 파일 컴파일 중 E:\IsaacProject\20220302\Unity\unity_H8KPE0L6C9S77UJ2.cpp)
E:\IsaacProject\20220302\DeadState.cpp(85,15): warning C4244: '초기화 중': 'int'에서 'float'(으)로 변환하면서 데이터가 손실될 수 있습니다. (소스 파일 컴파일 중 E:\IsaacProject\20220302\Unity\unity_H8KPE0L6C9S77UJ2.cpp)
E:\IsaacProject\20220302\DeadState.cpp(85,35): warning C4101: 'f' :참조되지 않은 지역 변수입니다. (소스 파일 컴파일 중 E:\IsaacProject\20220302\Unity\unity_H8KPE0L6C9S77UJ2.cpp)
E:\IsaacProject\20220302\SoundMgr.cpp(146,33): warning C4244: 'return': 'float'에서 'int'(으)로 변환하면서 데이터가 손실될 수 있습니다. (소스 파일 컴파일 중 E:\IsaacProject\20220302\Unity\unity_197QBPG2RW9WON25.cpp)
E:\IsaacProject\20220302\Rock.cpp(21,14): warning C4311: '형식 캐스트': 'void *'에서 'int'(으)로 포인터가 잘립니다. (소스 파일 컴파일 중 E:\IsaacProject\20220302\Unity\unity_HT7LTU0YRYLH2JFT.cpp)
E:\IsaacProject\20220302\Rock.cpp(21,14): warning C4302: '형식 캐스트': 'void *'에서 'int'(으)로 잘립니다. (소스 파일 컴파일 중 E:\IsaacProject\20220302\Unity\unity_HT7LTU0YRYLH2JFT.cpp)
E:\IsaacProject\20220302\Rock.cpp(43,14): warning C4311: '형식 캐스트': 'void *'에서 'int'(으)로 포인터가 잘립니다. (소스 파일 컴파일 중 E:\IsaacProject\20220302\Unity\unity_HT7LTU0YRYLH2JFT.cpp)
E:\IsaacProject\20220302\Rock.cpp(43,14): warning C4302: '형식 캐스트': 'void *'에서 'int'(으)로 잘립니다. (소스 파일 컴파일 중 E:\IsaacProject\20220302\Unity\unity_HT7LTU0YRYLH2JFT.cpp)
E:\IsaacProject\20220302\Rock.cpp(93,76): warning C4244: '인수': 'float'에서 'int'(으)로 변환하면서 데이터가 손실될 수 있습니다. (소스 파일 컴파일 중 E:\IsaacProject\20220302\Unity\unity_HT7LTU0YRYLH2JFT.cpp)
E:\IsaacProject\20220302\Rock.cpp(93,64): warning C4244: '인수': 'float'에서 'int'(으)로 변환하면서 데이터가 손실될 수 있습니다. (소스 파일 컴파일 중 E:\IsaacProject\20220302\Unity\unity_HT7LTU0YRYLH2JFT.cpp)
E:\IsaacProject\20220302\Rock.cpp(93,42): warning C4244: '인수': 'float'에서 'int'(으)로 변환하면서 데이터가 손실될 수 있습니다. (소스 파일 컴파일 중 E:\IsaacProject\20220302\Unity\unity_HT7LTU0YRYLH2JFT.cpp)
E:\IsaacProject\20220302\Rock.cpp(93,17): warning C4244: '인수': 'float'에서 'int'(으)로 변환하면서 데이터가 손실될 수 있습니다. (소스 파일 컴파일 중 E:\IsaacProject\20220302\Unity\unity_HT7LTU0YRYLH2JFT.cpp)
E:\IsaacProject\20220302\Room.cpp(10,10): warning C4067: 전처리기 지시문 다음에 예기치 않은 토큰이 있습니다. 줄 바꿈 문자가 필요합니다. (소스 파일 컴파일 중 E:\IsaacProject\20220302\Unity\unity_HT7LTU0YRYLH2JFT.cpp)
E:\IsaacProject\20220302\Monstro.cpp(85,18): warning C4311: '형식 캐스트': 'void *'에서 'int'(으)로 포인터가 잘립니다. (소스 파일 컴파일 중 E:\IsaacProject\20220302\Unity\unity_5I426UTG2F9VALTL.cpp)
E:\IsaacProject\20220302\Monstro.cpp(85,18): warning C4302: '형식 캐스트': 'void *'에서 'int'(으)로 잘립니다. (소스 파일 컴파일 중 E:\IsaacProject\20220302\Unity\unity_5I426UTG2F9VALTL.cpp)
E:\IsaacProject\20220302\Monstro.cpp(378,15): warning C4311: '형식 캐스트': 'void *'에서 'int'(으)로 포인터가 잘립니다. (소스 파일 컴파일 중 E:\IsaacProject\20220302\Unity\unity_5I426UTG2F9VALTL.cpp)
E:\IsaacProject\20220302\Monstro.cpp(378,15): warning C4302: '형식 캐스트': 'void *'에서 'int'(으)로 잘립니다. (소스 파일 컴파일 중 E:\IsaacProject\20220302\Unity\unity_5I426UTG2F9VALTL.cpp)
E:\IsaacProject\20220302\Room.cpp(366,14): warning C4311: '형식 캐스트': 'void *'에서 'int'(으)로 포인터가 잘립니다. (소스 파일 컴파일 중 E:\IsaacProject\20220302\Unity\unity_HT7LTU0YRYLH2JFT.cpp)
E:\IsaacProject\20220302\Room.cpp(366,14): warning C4302: '형식 캐스트': 'void *'에서 'int'(으)로 잘립니다. (소스 파일 컴파일 중 E:\IsaacProject\20220302\Unity\unity_HT7LTU0YRYLH2JFT.cpp)
E:\IsaacProject\20220302\Collider.cpp(1,1): warning C4828: 파일에 0xb31 오프셋에서 시작하는 문자가 포함되어 있습니다. 이 문자는 현재 원본 문자 집합에서 잘못된 문자입니다(코드 페이지 949). (소스 파일 컴파일 중 E:\IsaacProject\20220302\Unity\unity_5J7ITF5EIQBPAHX2.cpp)
E:\IsaacProject\20220302\Room.cpp(625,14): warning C4311: '형식 캐스트': 'void *'에서 'int'(으)로 포인터가 잘립니다. (소스 파일 컴파일 중 E:\IsaacProject\20220302\Unity\unity_HT7LTU0YRYLH2JFT.cpp)
E:\IsaacProject\20220302\Room.cpp(625,14): warning C4302: '형식 캐스트': 'void *'에서 'int'(으)로 잘립니다. (소스 파일 컴파일 중 E:\IsaacProject\20220302\Unity\unity_HT7LTU0YRYLH2JFT.cpp)
E:\IsaacProject\20220302\Particle.cpp(41,16): warning C4311: '형식 캐스트': 'void *'에서 'int'(으)로 포인터가 잘립니다. (소스 파일 컴파일 중 E:\IsaacProject\20220302\Unity\unity_5I426UTG2F9VALTL.cpp)
E:\IsaacProject\20220302\Particle.cpp(41,16): warning C4302: '형식 캐스트': 'void *'에서 'int'(으)로 잘립니다. (소스 파일 컴파일 중 E:\IsaacProject\20220302\Unity\unity_5I426UTG2F9VALTL.cpp)
E:\IsaacProject\20220302\Particle.cpp(48,25): warning C4244: '=': 'int'에서 'float'(으)로 변환하면서 데이터가 손실될 수 있습니다. (소스 파일 컴파일 중 E:\IsaacProject\20220302\Unity\unity_5I426UTG2F9VALTL.cpp)
E:\IsaacProject\20220302\Particle.cpp(49,25): warning C4244: '=': 'int'에서 'float'(으)로 변환하면서 데이터가 손실될 수 있습니다. (소스 파일 컴파일 중 E:\IsaacProject\20220302\Unity\unity_5I426UTG2F9VALTL.cpp)
E:\IsaacProject\20220302\Particle.cpp(55,25): warning C4244: '=': 'int'에서 'float'(으)로 변환하면서 데이터가 손실될 수 있습니다. (소스 파일 컴파일 중 E:\IsaacProject\20220302\Unity\unity_5I426UTG2F9VALTL.cpp)
E:\IsaacProject\20220302\Particle.cpp(56,25): warning C4244: '=': 'int'에서 'float'(으)로 변환하면서 데이터가 손실될 수 있습니다. (소스 파일 컴파일 중 E:\IsaacProject\20220302\Unity\unity_5I426UTG2F9VALTL.cpp)
E:\IsaacProject\20220302\Particle.cpp(62,25): warning C4244: '=': 'int'에서 'float'(으)로 변환하면서 데이터가 손실될 수 있습니다. (소스 파일 컴파일 중 E:\IsaacProject\20220302\Unity\unity_5I426UTG2F9VALTL.cpp)
E:\IsaacProject\20220302\Particle.cpp(63,25): warning C4244: '=': 'int'에서 'float'(으)로 변환하면서 데이터가 손실될 수 있습니다. (소스 파일 컴파일 중 E:\IsaacProject\20220302\Unity\unity_5I426UTG2F9VALTL.cpp)
E:\IsaacProject\20220302\Player.cpp(439,16): warning C4311: '형식 캐스트': 'void *'에서 'int'(으)로 포인터가 잘립니다. (소스 파일 컴파일 중 E:\IsaacProject\20220302\Unity\unity_Q2YJL9GVVBS1NATR.cpp)
E:\IsaacProject\20220302\Particle.cpp(76,16): warning C4311: '형식 캐스트': 'void *'에서 'int'(으)로 포인터가 잘립니다. (소스 파일 컴파일 중 E:\IsaacProject\20220302\Unity\unity_5I426UTG2F9VALTL.cpp)
E:\IsaacProject\20220302\Player.cpp(439,16): warning C4302: '형식 캐스트': 'void *'에서 'int'(으)로 잘립니다. (소스 파일 컴파일 중 E:\IsaacProject\20220302\Unity\unity_Q2YJL9GVVBS1NATR.cpp)
E:\IsaacProject\20220302\Particle.cpp(76,16): warning C4302: '형식 캐스트': 'void *'에서 'int'(으)로 잘립니다. (소스 파일 컴파일 중 E:\IsaacProject\20220302\Unity\unity_5I426UTG2F9VALTL.cpp)
E:\IsaacProject\20220302\Particle.cpp(86,16): warning C4311: '형식 캐스트': 'void *'에서 'int'(으)로 포인터가 잘립니다. (소스 파일 컴파일 중 E:\IsaacProject\20220302\Unity\unity_5I426UTG2F9VALTL.cpp)
E:\IsaacProject\20220302\Particle.cpp(86,16): warning C4302: '형식 캐스트': 'void *'에서 'int'(으)로 잘립니다. (소스 파일 컴파일 중 E:\IsaacProject\20220302\Unity\unity_5I426UTG2F9VALTL.cpp)
E:\IsaacProject\20220302\Particle.cpp(93,25): warning C4244: '=': 'int'에서 'float'(으)로 변환하면서 데이터가 손실될 수 있습니다. (소스 파일 컴파일 중 E:\IsaacProject\20220302\Unity\unity_5I426UTG2F9VALTL.cpp)
E:\IsaacProject\20220302\Particle.cpp(94,25): warning C4244: '=': 'int'에서 'float'(으)로 변환하면서 데이터가 손실될 수 있습니다. (소스 파일 컴파일 중 E:\IsaacProject\20220302\Unity\unity_5I426UTG2F9VALTL.cpp)
E:\IsaacProject\20220302\Particle.cpp(99,25): warning C4244: '=': 'int'에서 'float'(으)로 변환하면서 데이터가 손실될 수 있습니다. (소스 파일 컴파일 중 E:\IsaacProject\20220302\Unity\unity_5I426UTG2F9VALTL.cpp)
E:\IsaacProject\20220302\Particle.cpp(100,25): warning C4244: '=': 'int'에서 'float'(으)로 변환하면서 데이터가 손실될 수 있습니다. (소스 파일 컴파일 중 E:\IsaacProject\20220302\Unity\unity_5I426UTG2F9VALTL.cpp)
E:\IsaacProject\20220302\Particle.cpp(105,25): warning C4244: '=': 'int'에서 'float'(으)로 변환하면서 데이터가 손실될 수 있습니다. (소스 파일 컴파일 중 E:\IsaacProject\20220302\Unity\unity_5I426UTG2F9VALTL.cpp)
E:\IsaacProject\20220302\Particle.cpp(106,25): warning C4244: '=': 'int'에서 'float'(으)로 변환하면서 데이터가 손실될 수 있습니다. (소스 파일 컴파일 중 E:\IsaacProject\20220302\Unity\unity_5I426UTG2F9VALTL.cpp)
E:\IsaacProject\20220302\Particle.cpp(120,16): warning C4311: '형식 캐스트': 'void *'에서 'int'(으)로 포인터가 잘립니다. (소스 파일 컴파일 중 E:\IsaacProject\20220302\Unity\unity_5I426UTG2F9VALTL.cpp)
E:\IsaacProject\20220302\Particle.cpp(120,16): warning C4302: '형식 캐스트': 'void *'에서 'int'(으)로 잘립니다. (소스 파일 컴파일 중 E:\IsaacProject\20220302\Unity\unity_5I426UTG2F9VALTL.cpp)
E:\IsaacProject\20220302\Particle.cpp(121,24): warning C4244: '=': 'int'에서 'float'(으)로 변환하면서 데이터가 손실될 수 있습니다. (소스 파일 컴파일 중 E:\IsaacProject\20220302\Unity\unity_5I426UTG2F9VALTL.cpp)
E:\IsaacProject\20220302\Particle.cpp(166,36): warning C4244: '인수': 'float'에서 'int'(으)로 변환하면서 데이터가 손실될 수 있습니다. (소스 파일 컴파일 중 E:\IsaacProject\20220302\Unity\unity_5I426UTG2F9VALTL.cpp)
E:\IsaacProject\20220302\Particle.cpp(166,19): warning C4244: '인수': 'float'에서 'int'(으)로 변환하면서 데이터가 손실될 수 있습니다. (소스 파일 컴파일 중 E:\IsaacProject\20220302\Unity\unity_5I426UTG2F9VALTL.cpp)
E:\IsaacProject\20220302\Particle.cpp(165,20): warning C4244: '인수': 'float'에서 'int'(으)로 변환하면서 데이터가 손실될 수 있습니다. (소스 파일 컴파일 중 E:\IsaacProject\20220302\Unity\unity_5I426UTG2F9VALTL.cpp)
E:\IsaacProject\20220302\Particle.cpp(164,20): warning C4244: '인수': 'float'에서 'int'(으)로 변환하면서 데이터가 손실될 수 있습니다. (소스 파일 컴파일 중 E:\IsaacProject\20220302\Unity\unity_5I426UTG2F9VALTL.cpp)
E:\IsaacProject\20220302\Player.cpp(843,15): warning C4311: '형식 캐스트': 'void *'에서 'int'(으)로 포인터가 잘립니다. (소스 파일 컴파일 중 E:\IsaacProject\20220302\Unity\unity_Q2YJL9GVVBS1NATR.cpp)
E:\IsaacProject\20220302\Player.cpp(843,15): warning C4302: '형식 캐스트': 'void *'에서 'int'(으)로 잘립니다. (소스 파일 컴파일 중 E:\IsaacProject\20220302\Unity\unity_Q2YJL9GVVBS1NATR.cpp)
E:\IsaacProject\20220302\Poop.cpp(55,76): warning C4244: '인수': 'float'에서 'int'(으)로 변환하면서 데이터가 손실될 수 있습니다. (소스 파일 컴파일 중 E:\IsaacProject\20220302\Unity\unity_5I426UTG2F9VALTL.cpp)
E:\IsaacProject\20220302\Poop.cpp(55,64): warning C4244: '인수': 'float'에서 'int'(으)로 변환하면서 데이터가 손실될 수 있습니다. (소스 파일 컴파일 중 E:\IsaacProject\20220302\Unity\unity_5I426UTG2F9VALTL.cpp)
E:\IsaacProject\20220302\Poop.cpp(55,42): warning C4244: '인수': 'float'에서 'int'(으)로 변환하면서 데이터가 손실될 수 있습니다. (소스 파일 컴파일 중 E:\IsaacProject\20220302\Unity\unity_5I426UTG2F9VALTL.cpp)
E:\IsaacProject\20220302\Poop.cpp(55,17): warning C4244: '인수': 'float'에서 'int'(으)로 변환하면서 데이터가 손실될 수 있습니다. (소스 파일 컴파일 중 E:\IsaacProject\20220302\Unity\unity_5I426UTG2F9VALTL.cpp)
E:\IsaacProject\20220302\Head.cpp(197,15): warning C4311: '형식 캐스트': 'void *'에서 'int'(으)로 포인터가 잘립니다. (소스 파일 컴파일 중 E:\IsaacProject\20220302\Unity\unity_HT7LTU0YRYLH2JFT.cpp)
E:\IsaacProject\20220302\Head.cpp(197,15): warning C4302: '형식 캐스트': 'void *'에서 'int'(으)로 잘립니다. (소스 파일 컴파일 중 E:\IsaacProject\20220302\Unity\unity_HT7LTU0YRYLH2JFT.cpp)
E:\IsaacProject\20220302\Itlives.cpp(84,18): warning C4311: '형식 캐스트': 'void *'에서 'int'(으)로 포인터가 잘립니다. (소스 파일 컴파일 중 E:\IsaacProject\20220302\Unity\unity_418YJZQO5J8GUPOI.cpp)
E:\IsaacProject\20220302\Itlives.cpp(84,18): warning C4302: '형식 캐스트': 'void *'에서 'int'(으)로 잘립니다. (소스 파일 컴파일 중 E:\IsaacProject\20220302\Unity\unity_418YJZQO5J8GUPOI.cpp)
E:\IsaacProject\20220302\Trite.cpp(43,17): warning C4311: '형식 캐스트': 'void *'에서 'int'(으)로 포인터가 잘립니다. (소스 파일 컴파일 중 E:\IsaacProject\20220302\Unity\unity_31CBGIIXSCJG8EZ5.cpp)
E:\IsaacProject\20220302\Trite.cpp(43,17): warning C4302: '형식 캐스트': 'void *'에서 'int'(으)로 잘립니다. (소스 파일 컴파일 중 E:\IsaacProject\20220302\Unity\unity_31CBGIIXSCJG8EZ5.cpp)
E:\IsaacProject\20220302\Keeper.cpp(46,18): warning C4311: '형식 캐스트': 'void *'에서 'int'(으)로 포인터가 잘립니다. (소스 파일 컴파일 중 E:\IsaacProject\20220302\Unity\unity_418YJZQO5J8GUPOI.cpp)
E:\IsaacProject\20220302\Keeper.cpp(46,18): warning C4302: '형식 캐스트': 'void *'에서 'int'(으)로 잘립니다. (소스 파일 컴파일 중 E:\IsaacProject\20220302\Unity\unity_418YJZQO5J8GUPOI.cpp)
E:\IsaacProject\20220302\UI.cpp(94,74): warning C4244: '인수': 'float'에서 'int'(으)로 변환하면서 데이터가 손실될 수 있습니다. (소스 파일 컴파일 중 E:\IsaacProject\20220302\Unity\unity_31CBGIIXSCJG8EZ5.cpp)
E:\IsaacProject\20220302\UI.cpp(94,33): warning C4244: '인수': 'float'에서 'int'(으)로 변환하면서 데이터가 손실될 수 있습니다. (소스 파일 컴파일 중 E:\IsaacProject\20220302\Unity\unity_31CBGIIXSCJG8EZ5.cpp)
E:\IsaacProject\20220302\MapRoom.cpp(52,89): warning C4244: '인수': 'float'에서 'int'(으)로 변환하면서 데이터가 손실될 수 있습니다. (소스 파일 컴파일 중 E:\IsaacProject\20220302\Unity\unity_418YJZQO5J8GUPOI.cpp)
E:\IsaacProject\20220302\MapRoom.cpp(52,40): warning C4244: '인수': 'float'에서 'int'(으)로 변환하면서 데이터가 손실될 수 있습니다. (소스 파일 컴파일 중 E:\IsaacProject\20220302\Unity\unity_418YJZQO5J8GUPOI.cpp)
  코드를 생성하고 있습니다.
  Not all modules are compiled with -Gy (function comdat), build without incremental LTCG.
E:\IsaacProject\20220302\Animation.h(54): warning C4715: 'CAnimation::GetName': 모든 제어 경로에서 값을 반환하지는 않습니다.
E:\IsaacProject\20220302\Map.h(29): warning C4715: 'CMap::GetMapData': 모든 제어 경로에서 값을 반환하지는 않습니다.
E:\IsaacProject\20220302\Animator.h(58): warning C4715: 'CAnimator::GetCurAnim': 모든 제어 경로에서 값을 반환하지는 않습니다.
  코드를 생성했습니다.
  20220302.vcxproj -> E:\IsaacProject\Output\bin\MyGame.exe
