C:\Program Files\Microsoft Visual Studio\2022\Community\MSBuild\Microsoft\VC\v170\Microsoft.CppBuild.targets(514,5): warning MSB8028: 중간 디렉터리(x64\Debug\)에 다른 프로젝트(20220302.vcxproj)에서 공유하는 파일이 포함되어 있습니다.  이로 인해 잘못된 정리 및 다시 빌드 동작이 수행될 수 있습니다.
  unity_XKYLJE860PJRPKN7.cpp
E:\IsaacProject\20220302\Poop.cpp(55,76): warning C4244: '인수': 'float'에서 'int'(으)로 변환하면서 데이터가 손실될 수 있습니다.
E:\IsaacProject\20220302\Poop.cpp(55,64): warning C4244: '인수': 'float'에서 'int'(으)로 변환하면서 데이터가 손실될 수 있습니다.
E:\IsaacProject\20220302\Poop.cpp(55,42): warning C4244: '인수': 'float'에서 'int'(으)로 변환하면서 데이터가 손실될 수 있습니다.
E:\IsaacProject\20220302\Poop.cpp(55,17): warning C4244: '인수': 'float'에서 'int'(으)로 변환하면서 데이터가 손실될 수 있습니다.
E:\IsaacProject\20220302\Rock.cpp(21,14): warning C4311: '형식 캐스트': 'void *'에서 'int'(으)로 포인터가 잘립니다.
E:\IsaacProject\20220302\Rock.cpp(21,14): warning C4302: '형식 캐스트': 'void *'에서 'int'(으)로 잘립니다.
E:\IsaacProject\20220302\Rock.cpp(43,14): warning C4311: '형식 캐스트': 'void *'에서 'int'(으)로 포인터가 잘립니다.
E:\IsaacProject\20220302\Rock.cpp(43,14): warning C4302: '형식 캐스트': 'void *'에서 'int'(으)로 잘립니다.
E:\IsaacProject\20220302\Rock.cpp(93,76): warning C4244: '인수': 'float'에서 'int'(으)로 변환하면서 데이터가 손실될 수 있습니다.
E:\IsaacProject\20220302\Rock.cpp(93,64): warning C4244: '인수': 'float'에서 'int'(으)로 변환하면서 데이터가 손실될 수 있습니다.
E:\IsaacProject\20220302\Rock.cpp(93,42): warning C4244: '인수': 'float'에서 'int'(으)로 변환하면서 데이터가 손실될 수 있습니다.
E:\IsaacProject\20220302\Rock.cpp(93,17): warning C4244: '인수': 'float'에서 'int'(으)로 변환하면서 데이터가 손실될 수 있습니다.
E:\IsaacProject\20220302\Room.cpp(358,14): warning C4311: '형식 캐스트': 'void *'에서 'int'(으)로 포인터가 잘립니다.
E:\IsaacProject\20220302\Room.cpp(358,14): warning C4302: '형식 캐스트': 'void *'에서 'int'(으)로 잘립니다.
E:\IsaacProject\20220302\Room.cpp(545,14): warning C4311: '형식 캐스트': 'void *'에서 'int'(으)로 포인터가 잘립니다.
E:\IsaacProject\20220302\Room.cpp(545,14): warning C4302: '형식 캐스트': 'void *'에서 'int'(으)로 잘립니다.
E:\IsaacProject\20220302\Map.h(28): warning C4715: 'CMap::GetMapData': 모든 제어 경로에서 값을 반환하지는 않습니다.
  20220302.vcxproj -> E:\IsaacProject\Output\bin_debug\MyGame.exe
