e:\isaacproject\20220302\x64\debug\mygame.pch
e:\isaacproject\20220302\x64\debug\vc143.pdb
e:\isaacproject\20220302\x64\debug\vc143.idb
e:\isaacproject\20220302\x64\debug\20220302.obj
e:\isaacproject\20220302\x64\debug\core.obj
e:\isaacproject\20220302\x64\debug\keymgr.obj
e:\isaacproject\20220302\x64\debug\unity_31qetwezylazy6t5.obj
e:\isaacproject\20220302\x64\debug\unity_suo5gffssatuqw3f.obj
e:\isaacproject\20220302\x64\debug\unity_rjacuzdwmkd8rh6l.obj
e:\isaacproject\20220302\x64\debug\unity_ulpopx5wbkkodncp.obj
e:\isaacproject\20220302\x64\debug\unity_h05ivskk8yz4l6dw.obj
e:\isaacproject\20220302\x64\debug\unity_qh0gu3nf6d99hhh9.obj
e:\isaacproject\20220302\x64\debug\unity_qp7iy1xvz3aankqi.obj
e:\isaacproject\20220302\x64\debug\unity_colsg919cgo3ljni.obj
e:\isaacproject\output\bin_debug\mygame.exe
e:\isaacproject\20220302\x64\debug\mygame.ilk
e:\isaacproject\output\bin_debug\mygame.pdb
e:\isaacproject\20220302\x64\debug\20220302.res
e:\isaacproject\20220302\x64\debug\isaacproject.tlog\cl.command.1.tlog
e:\isaacproject\20220302\x64\debug\isaacproject.tlog\cl.read.1.tlog
e:\isaacproject\20220302\x64\debug\isaacproject.tlog\cl.write.1.tlog
e:\isaacproject\20220302\x64\debug\isaacproject.tlog\link.command.1.tlog
e:\isaacproject\20220302\x64\debug\isaacproject.tlog\link.read.1.tlog
e:\isaacproject\20220302\x64\debug\isaacproject.tlog\link.write.1.tlog
e:\isaacproject\20220302\x64\debug\isaacproject.tlog\rc.command.1.tlog
e:\isaacproject\20220302\x64\debug\isaacproject.tlog\rc.read.1.tlog
e:\isaacproject\20220302\x64\debug\isaacproject.tlog\rc.write.1.tlog
